<?xml version="1.0" encoding="UTF-8"?>
<!-- Generated by org.testng.reporters.JUnitReportReporter -->
<testsuite skipped="0" hostname="DESKTOP-I3BGM4H" name="com.crm.qa.testcases.LoginPageTest" tests="1" failures="0" timestamp="23 Nov 2021 13:46:55 GMT" time="20.988" errors="0">
  <testcase name="LoginTest" time="20.988" classname="com.crm.qa.testcases.LoginPageTest"/>
</testsuite> <!-- com.crm.qa.testcases.LoginPageTest -->
